0 info it worked if it ends with ok
1 verbose cli [ '/usr/local/bin/node', '/usr/local/bin/npm', 'i', '-g', 'wept' ]
2 info using npm@3.10.7
3 info using node@v6.4.0
4 silly loadCurrentTree Starting
5 silly install loadCurrentTree
6 silly install readGlobalPackageData
7 silly fetchPackageMetaData wept
8 silly fetchNamedPackageData wept
9 silly mapToRegistry name wept
10 silly mapToRegistry using default registry
11 silly mapToRegistry registry https://registry.npmjs.org/
12 silly mapToRegistry data Result {
12 silly mapToRegistry   raw: 'wept',
12 silly mapToRegistry   scope: null,
12 silly mapToRegistry   escapedName: 'wept',
12 silly mapToRegistry   name: 'wept',
12 silly mapToRegistry   rawSpec: '',
12 silly mapToRegistry   spec: 'latest',
12 silly mapToRegistry   type: 'tag' }
13 silly mapToRegistry uri https://registry.npmjs.org/wept
14 verbose request uri https://registry.npmjs.org/wept
15 verbose request no auth needed
16 info attempt registry request try #1 at 10:40:25
17 verbose request id d4df9cf989f65377
18 verbose etag W/"58b1a3a4-3544b"
19 verbose lastModified Sat, 25 Feb 2017 15:32:52 GMT
20 http request GET https://registry.npmjs.org/wept
21 http 304 https://registry.npmjs.org/wept
22 verbose headers { date: 'Mon, 27 Feb 2017 02:40:27 GMT',
22 verbose headers   via: '1.1 varnish',
22 verbose headers   'cache-control': 'max-age=300',
22 verbose headers   etag: 'W/"58b1a3a4-3544b"',
22 verbose headers   age: '103',
22 verbose headers   connection: 'keep-alive',
22 verbose headers   'x-served-by': 'cache-nrt6124-NRT',
22 verbose headers   'x-cache': 'HIT',
22 verbose headers   'x-cache-hits': '1',
22 verbose headers   'x-timer': 'S1488163227.041527,VS0,VE0',
22 verbose headers   vary: 'Accept-Encoding' }
23 silly get cb [ 304,
23 silly get   { date: 'Mon, 27 Feb 2017 02:40:27 GMT',
23 silly get     via: '1.1 varnish',
23 silly get     'cache-control': 'max-age=300',
23 silly get     etag: 'W/"58b1a3a4-3544b"',
23 silly get     age: '103',
23 silly get     connection: 'keep-alive',
23 silly get     'x-served-by': 'cache-nrt6124-NRT',
23 silly get     'x-cache': 'HIT',
23 silly get     'x-cache-hits': '1',
23 silly get     'x-timer': 'S1488163227.041527,VS0,VE0',
23 silly get     vary: 'Accept-Encoding' } ]
24 verbose etag https://registry.npmjs.org/wept from cache
25 verbose get saving wept to /Users/t/.npm/registry.npmjs.org/wept/.cache.json
26 verbose correctMkdir /Users/t/.npm correctMkdir not in flight; initializing
27 silly install normalizeTree
28 silly loadCurrentTree Finishing
29 silly loadIdealTree Starting
30 silly install loadIdealTree
31 silly cloneCurrentTree Starting
32 silly install cloneCurrentTreeToIdealTree
33 silly cloneCurrentTree Finishing
34 silly loadShrinkwrap Starting
35 silly install loadShrinkwrap
36 silly loadShrinkwrap Finishing
37 silly loadAllDepsIntoIdealTree Starting
38 silly install loadAllDepsIntoIdealTree
39 silly resolveWithNewModule wept@0.9.1 checking installable status
40 silly cache add args [ 'wept', null ]
41 verbose cache add spec wept
42 silly cache add parsed spec Result {
42 silly cache add   raw: 'wept',
42 silly cache add   scope: null,
42 silly cache add   escapedName: 'wept',
42 silly cache add   name: 'wept',
42 silly cache add   rawSpec: '',
42 silly cache add   spec: 'latest',
42 silly cache add   type: 'tag' }
43 silly addNamed wept@latest
44 verbose addNamed "latest" is being treated as a dist-tag for wept
45 info addNameTag [ 'wept', 'latest' ]
46 silly mapToRegistry name wept
47 silly mapToRegistry using default registry
48 silly mapToRegistry registry https://registry.npmjs.org/
49 silly mapToRegistry data Result {
49 silly mapToRegistry   raw: 'wept',
49 silly mapToRegistry   scope: null,
49 silly mapToRegistry   escapedName: 'wept',
49 silly mapToRegistry   name: 'wept',
49 silly mapToRegistry   rawSpec: '',
49 silly mapToRegistry   spec: 'latest',
49 silly mapToRegistry   type: 'tag' }
50 silly mapToRegistry uri https://registry.npmjs.org/wept
51 verbose addNameTag registry:https://registry.npmjs.org/wept not in flight; fetching
52 verbose get https://registry.npmjs.org/wept not expired, no request
53 silly addNameTag next cb for wept with tag latest
54 silly addNamed wept@0.9.1
55 verbose addNamed "0.9.1" is a plain semver version for wept
56 silly mapToRegistry name wept
57 silly mapToRegistry using default registry
58 silly mapToRegistry registry https://registry.npmjs.org/
59 silly mapToRegistry data Result {
59 silly mapToRegistry   raw: 'wept',
59 silly mapToRegistry   scope: null,
59 silly mapToRegistry   escapedName: 'wept',
59 silly mapToRegistry   name: 'wept',
59 silly mapToRegistry   rawSpec: '',
59 silly mapToRegistry   spec: 'latest',
59 silly mapToRegistry   type: 'tag' }
60 silly mapToRegistry uri https://registry.npmjs.org/wept
61 verbose addRemoteTarball https://registry.npmjs.org/wept/-/wept-0.9.1.tgz not in flight; adding
62 verbose addRemoteTarball [ 'https://registry.npmjs.org/wept/-/wept-0.9.1.tgz',
62 verbose addRemoteTarball   '063328ae1772268fac2a8ef3d850ca21d6aa0902' ]
63 info retry fetch attempt 1 at 10:40:27
64 info attempt registry request try #1 at 10:40:27
65 http fetch GET https://registry.npmjs.org/wept/-/wept-0.9.1.tgz
66 http fetch 200 https://registry.npmjs.org/wept/-/wept-0.9.1.tgz
67 info retry will retry, error on last attempt: Error: read ECONNRESET
68 silly fetchAndShaCheck shasum 063328ae1772268fac2a8ef3d850ca21d6aa0902
69 silly rollbackFailedOptional Starting
70 silly rollbackFailedOptional Finishing
71 silly runTopLevelLifecycles Finishing
72 silly install printInstalled
73 verbose stack Error: shasum check failed for /tmp/npm-1903-aec3acc8/registry.npmjs.org/wept/-/wept-0.9.1.tgz
73 verbose stack Expected: 063328ae1772268fac2a8ef3d850ca21d6aa0902
73 verbose stack Actual:   abf8cccae6f24954137638ef6a9a1ad7ff2f1e2f
73 verbose stack From:     https://registry.npmjs.org/wept/-/wept-0.9.1.tgz
73 verbose stack     at /usr/local/lib/node_modules/npm/node_modules/sha/index.js:25:8
73 verbose stack     at ReadStream.<anonymous> (/usr/local/lib/node_modules/npm/node_modules/sha/index.js:72:7)
73 verbose stack     at emitNone (events.js:91:20)
73 verbose stack     at ReadStream.emit (events.js:185:7)
73 verbose stack     at endReadableNT (_stream_readable.js:975:12)
73 verbose stack     at _combinedTickCallback (internal/process/next_tick.js:74:11)
73 verbose stack     at process._tickCallback (internal/process/next_tick.js:98:9)
74 verbose cwd /Applications/XAMPP/xamppfiles/htdocs/github/wechat-Small-program
75 error Darwin 16.4.0
76 error argv "/usr/local/bin/node" "/usr/local/bin/npm" "i" "-g" "wept"
77 error node v6.4.0
78 error npm  v3.10.7
79 error shasum check failed for /tmp/npm-1903-aec3acc8/registry.npmjs.org/wept/-/wept-0.9.1.tgz
79 error Expected: 063328ae1772268fac2a8ef3d850ca21d6aa0902
79 error Actual:   abf8cccae6f24954137638ef6a9a1ad7ff2f1e2f
79 error From:     https://registry.npmjs.org/wept/-/wept-0.9.1.tgz
80 error If you need help, you may report this error at:
80 error     <https://github.com/npm/npm/issues>
81 verbose exit [ 1, true ]
